<?xml version="1.0" encoding="UTF-8"?>
<!-- Generated by org.testng.reporters.JUnitXMLReporter -->
<testsuite ignored="0" hostname="DESKTOP-BUUTTCS" failures="0" tests="2" name="Test" time="60.562" errors="0" timestamp="2024-01-18T10:06:41 IST">
  <testcase classname="coverFoxTest.CF_TC01_Validate_search_results_for_healthcare_policies" name="validateTestPlansFromTextAndBanners" time="13.509"/>
  <testcase classname="coverFoxTest.CF_TC01_Validate_search_results_for_healthcare_policies2" name="validateTestPlansFromTextAndBanners" time="13.133"/>
</testsuite> <!-- Test -->
