<?xml version="1.0" encoding="UTF-8"?>
<testng-results ignored="0" total="2" passed="2" failed="0" skipped="0">
  <reporter-output>
    <line>
      <![CDATA[Launching Browser:]]>
    </line>
    <line>
      <![CDATA[clicking on gender button ]]>
    </line>
    <line>
      <![CDATA[clicking on next button ]]>
    </line>
    <line>
      <![CDATA[Handeling age drop down ]]>
    </line>
    <line>
      <![CDATA[Clicking on next button ]]>
    </line>
    <line>
      <![CDATA[Entering pin code ]]>
    </line>
    <line>
      <![CDATA[Entering mobile num ]]>
    </line>
    <line>
      <![CDATA[Clicking on continue button ]]>
    </line>
    <line>
      <![CDATA[Fetching number of results from text ]]>
    </line>
    <line>
      <![CDATA[Fetching number of results from Banners ]]>
    </line>
    <line>
      <![CDATA[Location of Scrrenshot: F:\Automation Testing\Scrrenshots\TC01_2024.01.18.19.01.27.png]]>
    </line>
    <line>
      <![CDATA[Closing Browser:]]>
    </line>
    <line>
      <![CDATA[Launching Browser:]]>
    </line>
    <line>
      <![CDATA[clicking on gender button ]]>
    </line>
    <line>
      <![CDATA[clicking on next button ]]>
    </line>
    <line>
      <![CDATA[Handeling age drop down ]]>
    </line>
    <line>
      <![CDATA[Clicking on next button ]]>
    </line>
    <line>
      <![CDATA[Entering pin code ]]>
    </line>
    <line>
      <![CDATA[Entering mobile num ]]>
    </line>
    <line>
      <![CDATA[Clicking on continue button ]]>
    </line>
    <line>
      <![CDATA[Fetching number of results from text ]]>
    </line>
    <line>
      <![CDATA[Fetching number of results from Banners ]]>
    </line>
    <line>
      <![CDATA[TC is passed ]]>
    </line>
    <line>
      <![CDATA[Closing Browser:]]>
    </line>
  </reporter-output>
  <suite started-at="2024-01-18T19:00:59 IST" name="Suite" finished-at="2024-01-18T19:02:00 IST" duration-ms="61338">
    <groups>
    </groups>
    <test started-at="2024-01-18T19:00:59 IST" name="Test" finished-at="2024-01-18T19:02:00 IST" duration-ms="61338">
      <class name="coverFoxTest.CF_TC01_Validate_search_results_for_healthcare_policies">
        <test-method is-config="true" signature="launchBrowser()[pri:0, instance:coverFoxTest.CF_TC01_Validate_search_results_for_healthcare_policies@a514af7]" started-at="2024-01-18T19:00:59 IST" name="launchBrowser" finished-at="2024-01-18T19:01:05 IST" duration-ms="5837" status="PASS">
          <reporter-output>
            <line>
              <![CDATA[Launching Browser:]]>
            </line>
          </reporter-output>
        </test-method> <!-- launchBrowser -->
        <test-method is-config="true" signature="enterMemeberDeatils()[pri:0, instance:coverFoxTest.CF_TC01_Validate_search_results_for_healthcare_policies@a514af7]" started-at="2024-01-18T19:01:05 IST" name="enterMemeberDeatils" finished-at="2024-01-18T19:01:13 IST" duration-ms="7722" status="PASS">
          <reporter-output>
            <line>
              <![CDATA[clicking on gender button ]]>
            </line>
            <line>
              <![CDATA[clicking on next button ]]>
            </line>
            <line>
              <![CDATA[Handeling age drop down ]]>
            </line>
            <line>
              <![CDATA[Clicking on next button ]]>
            </line>
            <line>
              <![CDATA[Entering pin code ]]>
            </line>
            <line>
              <![CDATA[Entering mobile num ]]>
            </line>
            <line>
              <![CDATA[Clicking on continue button ]]>
            </line>
          </reporter-output>
        </test-method> <!-- enterMemeberDeatils -->
        <test-method signature="validateTestPlansFromTextAndBanners()[pri:0, instance:coverFoxTest.CF_TC01_Validate_search_results_for_healthcare_policies@a514af7]" started-at="2024-01-18T19:01:13 IST" name="validateTestPlansFromTextAndBanners" finished-at="2024-01-18T19:01:27 IST" duration-ms="14751" status="PASS">
          <reporter-output>
            <line>
              <![CDATA[Fetching number of results from text ]]>
            </line>
            <line>
              <![CDATA[Fetching number of results from Banners ]]>
            </line>
            <line>
              <![CDATA[Location of Scrrenshot: F:\Automation Testing\Scrrenshots\TC01_2024.01.18.19.01.27.png]]>
            </line>
          </reporter-output>
        </test-method> <!-- validateTestPlansFromTextAndBanners -->
        <test-method is-config="true" signature="closeBrowser()[pri:0, instance:coverFoxTest.CF_TC01_Validate_search_results_for_healthcare_policies@a514af7]" started-at="2024-01-18T19:01:27 IST" name="closeBrowser" finished-at="2024-01-18T19:01:32 IST" duration-ms="4592" status="PASS">
          <reporter-output>
            <line>
              <![CDATA[Closing Browser:]]>
            </line>
          </reporter-output>
        </test-method> <!-- closeBrowser -->
      </class> <!-- coverFoxTest.CF_TC01_Validate_search_results_for_healthcare_policies -->
      <class name="coverFoxTest.CF_TC01_Validate_search_results_for_healthcare_policies2">
        <test-method is-config="true" signature="launchBrowser()[pri:0, instance:coverFoxTest.CF_TC01_Validate_search_results_for_healthcare_policies2@294425a7]" started-at="2024-01-18T19:01:32 IST" name="launchBrowser" finished-at="2024-01-18T19:01:35 IST" duration-ms="3255" status="PASS">
          <reporter-output>
            <line>
              <![CDATA[Launching Browser:]]>
            </line>
          </reporter-output>
        </test-method> <!-- launchBrowser -->
        <test-method is-config="true" signature="enterMemeberDeatils()[pri:0, instance:coverFoxTest.CF_TC01_Validate_search_results_for_healthcare_policies2@294425a7]" started-at="2024-01-18T19:01:35 IST" name="enterMemeberDeatils" finished-at="2024-01-18T19:01:42 IST" duration-ms="6459" status="PASS">
          <reporter-output>
            <line>
              <![CDATA[clicking on gender button ]]>
            </line>
            <line>
              <![CDATA[clicking on next button ]]>
            </line>
            <line>
              <![CDATA[Handeling age drop down ]]>
            </line>
            <line>
              <![CDATA[Clicking on next button ]]>
            </line>
            <line>
              <![CDATA[Entering pin code ]]>
            </line>
            <line>
              <![CDATA[Entering mobile num ]]>
            </line>
            <line>
              <![CDATA[Clicking on continue button ]]>
            </line>
          </reporter-output>
        </test-method> <!-- enterMemeberDeatils -->
        <test-method signature="validateTestPlansFromTextAndBanners()[pri:0, instance:coverFoxTest.CF_TC01_Validate_search_results_for_healthcare_policies2@294425a7]" started-at="2024-01-18T19:01:42 IST" name="validateTestPlansFromTextAndBanners" finished-at="2024-01-18T19:01:56 IST" duration-ms="14144" status="PASS">
          <reporter-output>
            <line>
              <![CDATA[Fetching number of results from text ]]>
            </line>
            <line>
              <![CDATA[Fetching number of results from Banners ]]>
            </line>
            <line>
              <![CDATA[TC is passed ]]>
            </line>
          </reporter-output>
        </test-method> <!-- validateTestPlansFromTextAndBanners -->
        <test-method is-config="true" signature="closeBrowser()[pri:0, instance:coverFoxTest.CF_TC01_Validate_search_results_for_healthcare_policies2@294425a7]" started-at="2024-01-18T19:01:56 IST" name="closeBrowser" finished-at="2024-01-18T19:02:00 IST" duration-ms="4485" status="PASS">
          <reporter-output>
            <line>
              <![CDATA[Closing Browser:]]>
            </line>
          </reporter-output>
        </test-method> <!-- closeBrowser -->
      </class> <!-- coverFoxTest.CF_TC01_Validate_search_results_for_healthcare_policies2 -->
    </test> <!-- Test -->
  </suite> <!-- Suite -->
</testng-results>
