<?xml version="1.0" encoding="UTF-8"?>
<testng-results ignored="0" total="2" passed="2" failed="0" skipped="0">
  <reporter-output>
    <line>
      <![CDATA[Launching Browser:]]>
    </line>
    <line>
      <![CDATA[clicking on gender button ]]>
    </line>
    <line>
      <![CDATA[clicking on next button ]]>
    </line>
    <line>
      <![CDATA[Handeling age drop down ]]>
    </line>
    <line>
      <![CDATA[Clicking on next button ]]>
    </line>
    <line>
      <![CDATA[Entering pin code ]]>
    </line>
    <line>
      <![CDATA[Entering mobile num ]]>
    </line>
    <line>
      <![CDATA[Clicking on continue button ]]>
    </line>
    <line>
      <![CDATA[Fetching number of results from text ]]>
    </line>
    <line>
      <![CDATA[Fetching number of results from Banners ]]>
    </line>
    <line>
      <![CDATA[Location of Scrrenshot: F:\Automation Testing\Scrrenshots\TC01_2024.01.18.10.06.09.png]]>
    </line>
    <line>
      <![CDATA[Closing Browser:]]>
    </line>
    <line>
      <![CDATA[Launching Browser:]]>
    </line>
    <line>
      <![CDATA[clicking on gender button ]]>
    </line>
    <line>
      <![CDATA[clicking on next button ]]>
    </line>
    <line>
      <![CDATA[Handeling age drop down ]]>
    </line>
    <line>
      <![CDATA[Clicking on next button ]]>
    </line>
    <line>
      <![CDATA[Entering pin code ]]>
    </line>
    <line>
      <![CDATA[Entering mobile num ]]>
    </line>
    <line>
      <![CDATA[Clicking on continue button ]]>
    </line>
    <line>
      <![CDATA[Fetching number of results from text ]]>
    </line>
    <line>
      <![CDATA[Fetching number of results from Banners ]]>
    </line>
    <line>
      <![CDATA[TC is passed ]]>
    </line>
    <line>
      <![CDATA[Closing Browser:]]>
    </line>
  </reporter-output>
  <suite started-at="2024-01-18T10:05:41 IST" name="Suite" finished-at="2024-01-18T10:06:41 IST" duration-ms="60562">
    <groups>
    </groups>
    <test started-at="2024-01-18T10:05:41 IST" name="Test" finished-at="2024-01-18T10:06:41 IST" duration-ms="60562">
      <class name="coverFoxTest.CF_TC01_Validate_search_results_for_healthcare_policies">
        <test-method is-config="true" signature="launchBrowser()[pri:0, instance:coverFoxTest.CF_TC01_Validate_search_results_for_healthcare_policies@a514af7]" started-at="2024-01-18T10:05:41 IST" name="launchBrowser" finished-at="2024-01-18T10:05:49 IST" duration-ms="8809" status="PASS">
          <reporter-output>
            <line>
              <![CDATA[Launching Browser:]]>
            </line>
          </reporter-output>
        </test-method> <!-- launchBrowser -->
        <test-method is-config="true" signature="enterMemeberDeatils()[pri:0, instance:coverFoxTest.CF_TC01_Validate_search_results_for_healthcare_policies@a514af7]" started-at="2024-01-18T10:05:49 IST" name="enterMemeberDeatils" finished-at="2024-01-18T10:05:56 IST" duration-ms="6555" status="PASS">
          <reporter-output>
            <line>
              <![CDATA[clicking on gender button ]]>
            </line>
            <line>
              <![CDATA[clicking on next button ]]>
            </line>
            <line>
              <![CDATA[Handeling age drop down ]]>
            </line>
            <line>
              <![CDATA[Clicking on next button ]]>
            </line>
            <line>
              <![CDATA[Entering pin code ]]>
            </line>
            <line>
              <![CDATA[Entering mobile num ]]>
            </line>
            <line>
              <![CDATA[Clicking on continue button ]]>
            </line>
          </reporter-output>
        </test-method> <!-- enterMemeberDeatils -->
        <test-method signature="validateTestPlansFromTextAndBanners()[pri:0, instance:coverFoxTest.CF_TC01_Validate_search_results_for_healthcare_policies@a514af7]" started-at="2024-01-18T10:05:56 IST" name="validateTestPlansFromTextAndBanners" finished-at="2024-01-18T10:06:10 IST" duration-ms="13509" status="PASS">
          <reporter-output>
            <line>
              <![CDATA[Fetching number of results from text ]]>
            </line>
            <line>
              <![CDATA[Fetching number of results from Banners ]]>
            </line>
            <line>
              <![CDATA[Location of Scrrenshot: F:\Automation Testing\Scrrenshots\TC01_2024.01.18.10.06.09.png]]>
            </line>
          </reporter-output>
        </test-method> <!-- validateTestPlansFromTextAndBanners -->
        <test-method is-config="true" signature="closeBrowser()[pri:0, instance:coverFoxTest.CF_TC01_Validate_search_results_for_healthcare_policies@a514af7]" started-at="2024-01-18T10:06:10 IST" name="closeBrowser" finished-at="2024-01-18T10:06:14 IST" duration-ms="4174" status="PASS">
          <reporter-output>
            <line>
              <![CDATA[Closing Browser:]]>
            </line>
          </reporter-output>
        </test-method> <!-- closeBrowser -->
      </class> <!-- coverFoxTest.CF_TC01_Validate_search_results_for_healthcare_policies -->
      <class name="coverFoxTest.CF_TC01_Validate_search_results_for_healthcare_policies2">
        <test-method is-config="true" signature="launchBrowser()[pri:0, instance:coverFoxTest.CF_TC01_Validate_search_results_for_healthcare_policies2@294425a7]" started-at="2024-01-18T10:06:14 IST" name="launchBrowser" finished-at="2024-01-18T10:06:18 IST" duration-ms="4128" status="PASS">
          <reporter-output>
            <line>
              <![CDATA[Launching Browser:]]>
            </line>
          </reporter-output>
        </test-method> <!-- launchBrowser -->
        <test-method is-config="true" signature="enterMemeberDeatils()[pri:0, instance:coverFoxTest.CF_TC01_Validate_search_results_for_healthcare_policies2@294425a7]" started-at="2024-01-18T10:06:18 IST" name="enterMemeberDeatils" finished-at="2024-01-18T10:06:24 IST" duration-ms="5975" status="PASS">
          <reporter-output>
            <line>
              <![CDATA[clicking on gender button ]]>
            </line>
            <line>
              <![CDATA[clicking on next button ]]>
            </line>
            <line>
              <![CDATA[Handeling age drop down ]]>
            </line>
            <line>
              <![CDATA[Clicking on next button ]]>
            </line>
            <line>
              <![CDATA[Entering pin code ]]>
            </line>
            <line>
              <![CDATA[Entering mobile num ]]>
            </line>
            <line>
              <![CDATA[Clicking on continue button ]]>
            </line>
          </reporter-output>
        </test-method> <!-- enterMemeberDeatils -->
        <test-method signature="validateTestPlansFromTextAndBanners()[pri:0, instance:coverFoxTest.CF_TC01_Validate_search_results_for_healthcare_policies2@294425a7]" started-at="2024-01-18T10:06:24 IST" name="validateTestPlansFromTextAndBanners" finished-at="2024-01-18T10:06:37 IST" duration-ms="13133" status="PASS">
          <reporter-output>
            <line>
              <![CDATA[Fetching number of results from text ]]>
            </line>
            <line>
              <![CDATA[Fetching number of results from Banners ]]>
            </line>
            <line>
              <![CDATA[TC is passed ]]>
            </line>
          </reporter-output>
        </test-method> <!-- validateTestPlansFromTextAndBanners -->
        <test-method is-config="true" signature="closeBrowser()[pri:0, instance:coverFoxTest.CF_TC01_Validate_search_results_for_healthcare_policies2@294425a7]" started-at="2024-01-18T10:06:37 IST" name="closeBrowser" finished-at="2024-01-18T10:06:41 IST" duration-ms="4203" status="PASS">
          <reporter-output>
            <line>
              <![CDATA[Closing Browser:]]>
            </line>
          </reporter-output>
        </test-method> <!-- closeBrowser -->
      </class> <!-- coverFoxTest.CF_TC01_Validate_search_results_for_healthcare_policies2 -->
    </test> <!-- Test -->
  </suite> <!-- Suite -->
</testng-results>
