<?xml version="1.0" encoding="UTF-8"?>
<testng-results ignored="0" total="1" passed="1" failed="0" skipped="0">
  <reporter-output>
    <line>
      <![CDATA[Launching Browser:]]>
    </line>
    <line>
      <![CDATA[clicking on gender button ]]>
    </line>
    <line>
      <![CDATA[clicking on next button ]]>
    </line>
    <line>
      <![CDATA[Handeling age drop down ]]>
    </line>
    <line>
      <![CDATA[Clicking on next button ]]>
    </line>
    <line>
      <![CDATA[Entering pin code ]]>
    </line>
    <line>
      <![CDATA[Entering mobile num ]]>
    </line>
    <line>
      <![CDATA[Clicking on continue button ]]>
    </line>
    <line>
      <![CDATA[Verifying Pincode Error Massage Visibility ]]>
    </line>
    <line>
      <![CDATA[Verifying Pincode Error Massage Content ]]>
    </line>
    <line>
      <![CDATA[Verifying MobileNumber Error Massage Visibility ]]>
    </line>
    <line>
      <![CDATA[Verifying MobileNumber Error Massage Content ]]>
    </line>
    <line>
      <![CDATA[Location of Scrrenshot: F:\Automation Testing\Scrrenshots\validateTestPlansFromTextAndBanners2024.01.17.22.53.46.png]]>
    </line>
    <line>
      <![CDATA[Closing Browser:]]>
    </line>
  </reporter-output>
  <suite started-at="2024-01-17T22:53:28 IST" name="Default suite" finished-at="2024-01-17T22:53:51 IST" duration-ms="22883">
    <groups>
    </groups>
    <test started-at="2024-01-17T22:53:28 IST" name="Default test" finished-at="2024-01-17T22:53:51 IST" duration-ms="22883">
      <class name="coverFoxTest.CF_TC02_Validate_Pincode_MobileNum">
        <test-method is-config="true" signature="launchBrowser()[pri:0, instance:coverFoxTest.CF_TC02_Validate_Pincode_MobileNum@c730b35]" started-at="2024-01-17T22:53:28 IST" name="launchBrowser" finished-at="2024-01-17T22:53:33 IST" duration-ms="5403" status="PASS">
          <reporter-output>
            <line>
              <![CDATA[Launching Browser:]]>
            </line>
          </reporter-output>
        </test-method> <!-- launchBrowser -->
        <test-method is-config="true" signature="enterMemeberDeatils()[pri:0, instance:coverFoxTest.CF_TC02_Validate_Pincode_MobileNum@c730b35]" started-at="2024-01-17T22:53:33 IST" name="enterMemeberDeatils" finished-at="2024-01-17T22:53:41 IST" duration-ms="7787" status="PASS">
          <reporter-output>
            <line>
              <![CDATA[clicking on gender button ]]>
            </line>
            <line>
              <![CDATA[clicking on next button ]]>
            </line>
            <line>
              <![CDATA[Handeling age drop down ]]>
            </line>
            <line>
              <![CDATA[Clicking on next button ]]>
            </line>
            <line>
              <![CDATA[Entering pin code ]]>
            </line>
            <line>
              <![CDATA[Entering mobile num ]]>
            </line>
            <line>
              <![CDATA[Clicking on continue button ]]>
            </line>
          </reporter-output>
        </test-method> <!-- enterMemeberDeatils -->
        <test-method signature="validateTestPlansFromTextAndBanners()[pri:0, instance:coverFoxTest.CF_TC02_Validate_Pincode_MobileNum@c730b35]" started-at="2024-01-17T22:53:41 IST" name="validateTestPlansFromTextAndBanners" finished-at="2024-01-17T22:53:46 IST" duration-ms="5225" status="PASS">
          <reporter-output>
            <line>
              <![CDATA[Verifying Pincode Error Massage Visibility ]]>
            </line>
            <line>
              <![CDATA[Verifying Pincode Error Massage Content ]]>
            </line>
            <line>
              <![CDATA[Verifying MobileNumber Error Massage Visibility ]]>
            </line>
            <line>
              <![CDATA[Verifying MobileNumber Error Massage Content ]]>
            </line>
            <line>
              <![CDATA[Location of Scrrenshot: F:\Automation Testing\Scrrenshots\validateTestPlansFromTextAndBanners2024.01.17.22.53.46.png]]>
            </line>
          </reporter-output>
        </test-method> <!-- validateTestPlansFromTextAndBanners -->
        <test-method is-config="true" signature="closeBrowser()[pri:0, instance:coverFoxTest.CF_TC02_Validate_Pincode_MobileNum@c730b35]" started-at="2024-01-17T22:53:47 IST" name="closeBrowser" finished-at="2024-01-17T22:53:51 IST" duration-ms="4229" status="PASS">
          <reporter-output>
            <line>
              <![CDATA[Closing Browser:]]>
            </line>
          </reporter-output>
        </test-method> <!-- closeBrowser -->
      </class> <!-- coverFoxTest.CF_TC02_Validate_Pincode_MobileNum -->
    </test> <!-- Default test -->
  </suite> <!-- Default suite -->
</testng-results>
